<component name="libraryTable">
  <library name="junit-5">
    <CLASSES>
      <root url="file://$USER_HOME$/Downloads/junit-5" />
    </CLASSES>
    <JAVADOC />
    <SOURCES />
    <jarDirectory url="file://$USER_HOME$/Downloads/junit-5" recursive="false" />
  </library>
</component>